2024-08-15T16:07:50.252Z [pos-app] error: uncaughtException: logError is not defined
ReferenceError: logError is not defined
    at addItem (D:\projects\pos-app\api\src\controllers\cartController.js:31:13) (method: undefined)
2024-08-15T16:10:26.714Z [pos-app] error: uncaughtException: logError is not defined
ReferenceError: logError is not defined
    at addItem (D:\projects\pos-app\api\src\controllers\cartController.js:31:13) (method: undefined)
2024-08-15T16:11:36.278Z [pos-app] error: uncaughtException: logError is not defined
ReferenceError: logError is not defined
    at addItem (D:\projects\pos-app\api\src\controllers\cartController.js:31:13) (method: undefined)
2024-08-15T16:14:37.948Z [pos-app] error: uncaughtException: logError is not defined
ReferenceError: logError is not defined
    at addItem (D:\projects\pos-app\api\src\controllers\cartController.js:31:13) (method: undefined)
2024-08-15T17:43:04.442Z [pos-app] error: uncaughtException: Unexpected token ')'
D:\projects\pos-app\api\src\controllers\cartController.js:93
               if(paymentResult.status==)
                                        ^

SyntaxError: Unexpected token ')'
    at wrapSafe (node:internal/modules/cjs/loader:1281:20)
    at Module._compile (node:internal/modules/cjs/loader:1321:27)
    at Module._extensions..js (node:internal/modules/cjs/loader:1416:10)
    at Module.load (node:internal/modules/cjs/loader:1208:32)
    at Module._load (node:internal/modules/cjs/loader:1024:12)
    at Module.require (node:internal/modules/cjs/loader:1233:19)
    at require (node:internal/modules/helpers:179:18)
    at Object.<anonymous> (D:\projects\pos-app\api\src\routes\cartRoutes.js:2:24)
    at Module._compile (node:internal/modules/cjs/loader:1358:14)
    at Module._extensions..js (node:internal/modules/cjs/loader:1416:10) (method: undefined)
2024-08-15T17:44:54.321Z [pos-app] error: uncaughtException: Unexpected token ')'
D:\projects\pos-app\api\src\controllers\cartController.js:93
               if(paymentResult.status==)
                                        ^

SyntaxError: Unexpected token ')'
    at wrapSafe (node:internal/modules/cjs/loader:1281:20)
    at Module._compile (node:internal/modules/cjs/loader:1321:27)
    at Module._extensions..js (node:internal/modules/cjs/loader:1416:10)
    at Module.load (node:internal/modules/cjs/loader:1208:32)
    at Module._load (node:internal/modules/cjs/loader:1024:12)
    at Module.require (node:internal/modules/cjs/loader:1233:19)
    at require (node:internal/modules/helpers:179:18)
    at Object.<anonymous> (D:\projects\pos-app\api\src\routes\cartRoutes.js:2:24)
    at Module._compile (node:internal/modules/cjs/loader:1358:14)
    at Module._extensions..js (node:internal/modules/cjs/loader:1416:10) (method: undefined)
2024-08-15T17:44:59.867Z [pos-app] error: uncaughtException: Unexpected token ')'
D:\projects\pos-app\api\src\controllers\cartController.js:93
               if(paymentResult.status==)
                                        ^

SyntaxError: Unexpected token ')'
    at wrapSafe (node:internal/modules/cjs/loader:1281:20)
    at Module._compile (node:internal/modules/cjs/loader:1321:27)
    at Module._extensions..js (node:internal/modules/cjs/loader:1416:10)
    at Module.load (node:internal/modules/cjs/loader:1208:32)
    at Module._load (node:internal/modules/cjs/loader:1024:12)
    at Module.require (node:internal/modules/cjs/loader:1233:19)
    at require (node:internal/modules/helpers:179:18)
    at Object.<anonymous> (D:\projects\pos-app\api\src\routes\cartRoutes.js:2:24)
    at Module._compile (node:internal/modules/cjs/loader:1358:14)
    at Module._extensions..js (node:internal/modules/cjs/loader:1416:10) (method: undefined)
2024-08-15T17:45:15.846Z [pos-app] error: uncaughtException: Unexpected token ')'
D:\projects\pos-app\api\src\controllers\cartController.js:93
               if(paymentResult.status==)
                                        ^

SyntaxError: Unexpected token ')'
    at wrapSafe (node:internal/modules/cjs/loader:1281:20)
    at Module._compile (node:internal/modules/cjs/loader:1321:27)
    at Module._extensions..js (node:internal/modules/cjs/loader:1416:10)
    at Module.load (node:internal/modules/cjs/loader:1208:32)
    at Module._load (node:internal/modules/cjs/loader:1024:12)
    at Module.require (node:internal/modules/cjs/loader:1233:19)
    at require (node:internal/modules/helpers:179:18)
    at Object.<anonymous> (D:\projects\pos-app\api\src\routes\cartRoutes.js:2:24)
    at Module._compile (node:internal/modules/cjs/loader:1358:14)
    at Module._extensions..js (node:internal/modules/cjs/loader:1416:10) (method: undefined)
2024-08-15T17:45:38.465Z [pos-app] error: uncaughtException: Unexpected token ')'
D:\projects\pos-app\api\src\controllers\cartController.js:93
               if(paymentResult.status==)
                                        ^

SyntaxError: Unexpected token ')'
    at wrapSafe (node:internal/modules/cjs/loader:1281:20)
    at Module._compile (node:internal/modules/cjs/loader:1321:27)
    at Module._extensions..js (node:internal/modules/cjs/loader:1416:10)
    at Module.load (node:internal/modules/cjs/loader:1208:32)
    at Module._load (node:internal/modules/cjs/loader:1024:12)
    at Module.require (node:internal/modules/cjs/loader:1233:19)
    at require (node:internal/modules/helpers:179:18)
    at Object.<anonymous> (D:\projects\pos-app\api\src\routes\cartRoutes.js:2:24)
    at Module._compile (node:internal/modules/cjs/loader:1358:14)
    at Module._extensions..js (node:internal/modules/cjs/loader:1416:10) (method: undefined)
2024-08-15T17:46:07.841Z [pos-app] error: uncaughtException: Unexpected token ')'
D:\projects\pos-app\api\src\controllers\cartController.js:93
               if(paymentResult.status==)
                                        ^

SyntaxError: Unexpected token ')'
    at wrapSafe (node:internal/modules/cjs/loader:1281:20)
    at Module._compile (node:internal/modules/cjs/loader:1321:27)
    at Module._extensions..js (node:internal/modules/cjs/loader:1416:10)
    at Module.load (node:internal/modules/cjs/loader:1208:32)
    at Module._load (node:internal/modules/cjs/loader:1024:12)
    at Module.require (node:internal/modules/cjs/loader:1233:19)
    at require (node:internal/modules/helpers:179:18)
    at Object.<anonymous> (D:\projects\pos-app\api\src\routes\cartRoutes.js:2:24)
    at Module._compile (node:internal/modules/cjs/loader:1358:14)
    at Module._extensions..js (node:internal/modules/cjs/loader:1416:10) (method: undefined)
2024-08-18T23:15:34.063Z [pos-app] error: uncaughtException: checkPermission is not a function
TypeError: checkPermission is not a function
    at Object.<anonymous> (D:\projects\pos-app\api\src\routes\categoryRoutes.js:14:49)
    at Module._compile (node:internal/modules/cjs/loader:1358:14)
    at Module._extensions..js (node:internal/modules/cjs/loader:1416:10)
    at Module.load (node:internal/modules/cjs/loader:1208:32)
    at Module._load (node:internal/modules/cjs/loader:1024:12)
    at Module.require (node:internal/modules/cjs/loader:1233:19)
    at require (node:internal/modules/helpers:179:18)
    at Object.<anonymous> (D:\projects\pos-app\api\src\index.js:24:26)
    at Module._compile (node:internal/modules/cjs/loader:1358:14)
    at Module._extensions..js (node:internal/modules/cjs/loader:1416:10) (method: undefined)
2024-08-18T23:15:54.297Z [pos-app] error: uncaughtException: checkPermission is not a function
TypeError: checkPermission is not a function
    at Object.<anonymous> (D:\projects\pos-app\api\src\routes\categoryRoutes.js:14:49)
    at Module._compile (node:internal/modules/cjs/loader:1358:14)
    at Module._extensions..js (node:internal/modules/cjs/loader:1416:10)
    at Module.load (node:internal/modules/cjs/loader:1208:32)
    at Module._load (node:internal/modules/cjs/loader:1024:12)
    at Module.require (node:internal/modules/cjs/loader:1233:19)
    at require (node:internal/modules/helpers:179:18)
    at Object.<anonymous> (D:\projects\pos-app\api\src\index.js:24:26)
    at Module._compile (node:internal/modules/cjs/loader:1358:14)
    at Module._extensions..js (node:internal/modules/cjs/loader:1416:10) (method: undefined)
2024-08-18T23:16:17.323Z [pos-app] error: uncaughtException: checkPermission is not a function
TypeError: checkPermission is not a function
    at Object.<anonymous> (D:\projects\pos-app\api\src\routes\categoryRoutes.js:14:49)
    at Module._compile (node:internal/modules/cjs/loader:1358:14)
    at Module._extensions..js (node:internal/modules/cjs/loader:1416:10)
    at Module.load (node:internal/modules/cjs/loader:1208:32)
    at Module._load (node:internal/modules/cjs/loader:1024:12)
    at Module.require (node:internal/modules/cjs/loader:1233:19)
    at require (node:internal/modules/helpers:179:18)
    at Object.<anonymous> (D:\projects\pos-app\api\src\index.js:24:26)
    at Module._compile (node:internal/modules/cjs/loader:1358:14)
    at Module._extensions..js (node:internal/modules/cjs/loader:1416:10) (method: undefined)
2024-08-18T23:16:32.501Z [pos-app] error: uncaughtException: checkPermission is not a function
TypeError: checkPermission is not a function
    at Object.<anonymous> (D:\projects\pos-app\api\src\routes\categoryRoutes.js:14:49)
    at Module._compile (node:internal/modules/cjs/loader:1358:14)
    at Module._extensions..js (node:internal/modules/cjs/loader:1416:10)
    at Module.load (node:internal/modules/cjs/loader:1208:32)
    at Module._load (node:internal/modules/cjs/loader:1024:12)
    at Module.require (node:internal/modules/cjs/loader:1233:19)
    at require (node:internal/modules/helpers:179:18)
    at Object.<anonymous> (D:\projects\pos-app\api\src\index.js:24:26)
    at Module._compile (node:internal/modules/cjs/loader:1358:14)
    at Module._extensions..js (node:internal/modules/cjs/loader:1416:10) (method: undefined)
2024-08-18T23:16:45.289Z [pos-app] error: uncaughtException: checkPermission is not a function
TypeError: checkPermission is not a function
    at Object.<anonymous> (D:\projects\pos-app\api\src\routes\categoryRoutes.js:14:49)
    at Module._compile (node:internal/modules/cjs/loader:1358:14)
    at Module._extensions..js (node:internal/modules/cjs/loader:1416:10)
    at Module.load (node:internal/modules/cjs/loader:1208:32)
    at Module._load (node:internal/modules/cjs/loader:1024:12)
    at Module.require (node:internal/modules/cjs/loader:1233:19)
    at require (node:internal/modules/helpers:179:18)
    at Object.<anonymous> (D:\projects\pos-app\api\src\index.js:24:26)
    at Module._compile (node:internal/modules/cjs/loader:1358:14)
    at Module._extensions..js (node:internal/modules/cjs/loader:1416:10) (method: undefined)
2024-08-18T23:17:24.626Z [pos-app] error: uncaughtException: checkPermission is not a function
TypeError: checkPermission is not a function
    at Object.<anonymous> (D:\projects\pos-app\api\src\routes\categoryRoutes.js:14:49)
    at Module._compile (node:internal/modules/cjs/loader:1358:14)
    at Module._extensions..js (node:internal/modules/cjs/loader:1416:10)
    at Module.load (node:internal/modules/cjs/loader:1208:32)
    at Module._load (node:internal/modules/cjs/loader:1024:12)
    at Module.require (node:internal/modules/cjs/loader:1233:19)
    at require (node:internal/modules/helpers:179:18)
    at Object.<anonymous> (D:\projects\pos-app\api\src\index.js:24:26)
    at Module._compile (node:internal/modules/cjs/loader:1358:14)
    at Module._extensions..js (node:internal/modules/cjs/loader:1416:10) (method: undefined)
2024-08-18T23:17:45.989Z [pos-app] error: uncaughtException: checkPermission is not a function
TypeError: checkPermission is not a function
    at Object.<anonymous> (D:\projects\pos-app\api\src\routes\categoryRoutes.js:14:49)
    at Module._compile (node:internal/modules/cjs/loader:1358:14)
    at Module._extensions..js (node:internal/modules/cjs/loader:1416:10)
    at Module.load (node:internal/modules/cjs/loader:1208:32)
    at Module._load (node:internal/modules/cjs/loader:1024:12)
    at Module.require (node:internal/modules/cjs/loader:1233:19)
    at require (node:internal/modules/helpers:179:18)
    at Object.<anonymous> (D:\projects\pos-app\api\src\index.js:24:26)
    at Module._compile (node:internal/modules/cjs/loader:1358:14)
    at Module._extensions..js (node:internal/modules/cjs/loader:1416:10) (method: undefined)
2024-08-18T23:18:18.550Z [pos-app] error: uncaughtException: checkPermission is not a function
TypeError: checkPermission is not a function
    at Object.<anonymous> (D:\projects\pos-app\api\src\routes\categoryRoutes.js:14:49)
    at Module._compile (node:internal/modules/cjs/loader:1358:14)
    at Module._extensions..js (node:internal/modules/cjs/loader:1416:10)
    at Module.load (node:internal/modules/cjs/loader:1208:32)
    at Module._load (node:internal/modules/cjs/loader:1024:12)
    at Module.require (node:internal/modules/cjs/loader:1233:19)
    at require (node:internal/modules/helpers:179:18)
    at Object.<anonymous> (D:\projects\pos-app\api\src\index.js:24:26)
    at Module._compile (node:internal/modules/cjs/loader:1358:14)
    at Module._extensions..js (node:internal/modules/cjs/loader:1416:10) (method: undefined)
2024-08-18T23:18:51.297Z [pos-app] error: uncaughtException: checkPermission is not a function
TypeError: checkPermission is not a function
    at Object.<anonymous> (D:\projects\pos-app\api\src\routes\categoryRoutes.js:14:49)
    at Module._compile (node:internal/modules/cjs/loader:1358:14)
    at Module._extensions..js (node:internal/modules/cjs/loader:1416:10)
    at Module.load (node:internal/modules/cjs/loader:1208:32)
    at Module._load (node:internal/modules/cjs/loader:1024:12)
    at Module.require (node:internal/modules/cjs/loader:1233:19)
    at require (node:internal/modules/helpers:179:18)
    at Object.<anonymous> (D:\projects\pos-app\api\src\index.js:24:26)
    at Module._compile (node:internal/modules/cjs/loader:1358:14)
    at Module._extensions..js (node:internal/modules/cjs/loader:1416:10) (method: undefined)
2024-08-18T23:19:19.419Z [pos-app] error: uncaughtException: userWithPermissions is not defined
ReferenceError: userWithPermissions is not defined
    at Object.<anonymous> (D:\projects\pos-app\api\src\middlewares\authorization.js:71:5)
    at Module._compile (node:internal/modules/cjs/loader:1358:14)
    at Module._extensions..js (node:internal/modules/cjs/loader:1416:10)
    at Module.load (node:internal/modules/cjs/loader:1208:32)
    at Module._load (node:internal/modules/cjs/loader:1024:12)
    at Module.require (node:internal/modules/cjs/loader:1233:19)
    at require (node:internal/modules/helpers:179:18)
    at Object.<anonymous> (D:\projects\pos-app\api\src\routes\roleRoutes.js:12:25)
    at Module._compile (node:internal/modules/cjs/loader:1358:14)
    at Module._extensions..js (node:internal/modules/cjs/loader:1416:10) (method: undefined)
2024-08-18T23:19:39.916Z [pos-app] error: uncaughtException: userWithPermissions is not defined
ReferenceError: userWithPermissions is not defined
    at Object.<anonymous> (D:\projects\pos-app\api\src\middlewares\authorization.js:71:5)
    at Module._compile (node:internal/modules/cjs/loader:1358:14)
    at Module._extensions..js (node:internal/modules/cjs/loader:1416:10)
    at Module.load (node:internal/modules/cjs/loader:1208:32)
    at Module._load (node:internal/modules/cjs/loader:1024:12)
    at Module.require (node:internal/modules/cjs/loader:1233:19)
    at require (node:internal/modules/helpers:179:18)
    at Object.<anonymous> (D:\projects\pos-app\api\src\routes\roleRoutes.js:12:25)
    at Module._compile (node:internal/modules/cjs/loader:1358:14)
    at Module._extensions..js (node:internal/modules/cjs/loader:1416:10) (method: undefined)
2024-08-18T23:20:01.411Z [pos-app] error: uncaughtException: userWithPermissions is not defined
ReferenceError: userWithPermissions is not defined
    at Object.<anonymous> (D:\projects\pos-app\api\src\middlewares\authorization.js:71:5)
    at Module._compile (node:internal/modules/cjs/loader:1358:14)
    at Module._extensions..js (node:internal/modules/cjs/loader:1416:10)
    at Module.load (node:internal/modules/cjs/loader:1208:32)
    at Module._load (node:internal/modules/cjs/loader:1024:12)
    at Module.require (node:internal/modules/cjs/loader:1233:19)
    at require (node:internal/modules/helpers:179:18)
    at Object.<anonymous> (D:\projects\pos-app\api\src\routes\roleRoutes.js:12:25)
    at Module._compile (node:internal/modules/cjs/loader:1358:14)
    at Module._extensions..js (node:internal/modules/cjs/loader:1416:10) (method: undefined)
2024-08-18T23:20:24.120Z [pos-app] error: uncaughtException: checkPermission is not a function
TypeError: checkPermission is not a function
    at Object.<anonymous> (D:\projects\pos-app\api\src\routes\categoryRoutes.js:14:49)
    at Module._compile (node:internal/modules/cjs/loader:1358:14)
    at Module._extensions..js (node:internal/modules/cjs/loader:1416:10)
    at Module.load (node:internal/modules/cjs/loader:1208:32)
    at Module._load (node:internal/modules/cjs/loader:1024:12)
    at Module.require (node:internal/modules/cjs/loader:1233:19)
    at require (node:internal/modules/helpers:179:18)
    at Object.<anonymous> (D:\projects\pos-app\api\src\index.js:24:26)
    at Module._compile (node:internal/modules/cjs/loader:1358:14)
    at Module._extensions..js (node:internal/modules/cjs/loader:1416:10) (method: undefined)
2024-08-18T23:20:43.497Z [pos-app] error: uncaughtException: checkPermission is not a function
TypeError: checkPermission is not a function
    at Object.<anonymous> (D:\projects\pos-app\api\src\routes\categoryRoutes.js:14:49)
    at Module._compile (node:internal/modules/cjs/loader:1358:14)
    at Module._extensions..js (node:internal/modules/cjs/loader:1416:10)
    at Module.load (node:internal/modules/cjs/loader:1208:32)
    at Module._load (node:internal/modules/cjs/loader:1024:12)
    at Module.require (node:internal/modules/cjs/loader:1233:19)
    at require (node:internal/modules/helpers:179:18)
    at Object.<anonymous> (D:\projects\pos-app\api\src\index.js:24:26)
    at Module._compile (node:internal/modules/cjs/loader:1358:14)
    at Module._extensions..js (node:internal/modules/cjs/loader:1416:10) (method: undefined)
2024-08-18T23:20:48.610Z [pos-app] error: uncaughtException: checkPermission is not a function
TypeError: checkPermission is not a function
    at Object.<anonymous> (D:\projects\pos-app\api\src\routes\categoryRoutes.js:14:49)
    at Module._compile (node:internal/modules/cjs/loader:1358:14)
    at Module._extensions..js (node:internal/modules/cjs/loader:1416:10)
    at Module.load (node:internal/modules/cjs/loader:1208:32)
    at Module._load (node:internal/modules/cjs/loader:1024:12)
    at Module.require (node:internal/modules/cjs/loader:1233:19)
    at require (node:internal/modules/helpers:179:18)
    at Object.<anonymous> (D:\projects\pos-app\api\src\index.js:24:26)
    at Module._compile (node:internal/modules/cjs/loader:1358:14)
    at Module._extensions..js (node:internal/modules/cjs/loader:1416:10) (method: undefined)
2024-08-18T23:22:00.916Z [pos-app] error: uncaughtException: checkPermission is not a function
TypeError: checkPermission is not a function
    at Object.<anonymous> (D:\projects\pos-app\api\src\routes\categoryRoutes.js:14:49)
    at Module._compile (node:internal/modules/cjs/loader:1358:14)
    at Module._extensions..js (node:internal/modules/cjs/loader:1416:10)
    at Module.load (node:internal/modules/cjs/loader:1208:32)
    at Module._load (node:internal/modules/cjs/loader:1024:12)
    at Module.require (node:internal/modules/cjs/loader:1233:19)
    at require (node:internal/modules/helpers:179:18)
    at Object.<anonymous> (D:\projects\pos-app\api\src\index.js:24:26)
    at Module._compile (node:internal/modules/cjs/loader:1358:14)
    at Module._extensions..js (node:internal/modules/cjs/loader:1416:10) (method: undefined)
2024-08-18T23:22:08.198Z [pos-app] error: uncaughtException: checkPermission is not a function
TypeError: checkPermission is not a function
    at Object.<anonymous> (D:\projects\pos-app\api\src\routes\categoryRoutes.js:14:49)
    at Module._compile (node:internal/modules/cjs/loader:1358:14)
    at Module._extensions..js (node:internal/modules/cjs/loader:1416:10)
    at Module.load (node:internal/modules/cjs/loader:1208:32)
    at Module._load (node:internal/modules/cjs/loader:1024:12)
    at Module.require (node:internal/modules/cjs/loader:1233:19)
    at require (node:internal/modules/helpers:179:18)
    at Object.<anonymous> (D:\projects\pos-app\api\src\index.js:24:26)
    at Module._compile (node:internal/modules/cjs/loader:1358:14)
    at Module._extensions..js (node:internal/modules/cjs/loader:1416:10) (method: undefined)
2024-08-18T23:22:13.067Z [pos-app] error: uncaughtException: checkPermission is not a function
TypeError: checkPermission is not a function
    at Object.<anonymous> (D:\projects\pos-app\api\src\routes\categoryRoutes.js:14:49)
    at Module._compile (node:internal/modules/cjs/loader:1358:14)
    at Module._extensions..js (node:internal/modules/cjs/loader:1416:10)
    at Module.load (node:internal/modules/cjs/loader:1208:32)
    at Module._load (node:internal/modules/cjs/loader:1024:12)
    at Module.require (node:internal/modules/cjs/loader:1233:19)
    at require (node:internal/modules/helpers:179:18)
    at Object.<anonymous> (D:\projects\pos-app\api\src\index.js:24:26)
    at Module._compile (node:internal/modules/cjs/loader:1358:14)
    at Module._extensions..js (node:internal/modules/cjs/loader:1416:10) (method: undefined)
2024-08-18T23:22:18.305Z [pos-app] error: uncaughtException: checkPermission is not a function
TypeError: checkPermission is not a function
    at Object.<anonymous> (D:\projects\pos-app\api\src\routes\categoryRoutes.js:14:49)
    at Module._compile (node:internal/modules/cjs/loader:1358:14)
    at Module._extensions..js (node:internal/modules/cjs/loader:1416:10)
    at Module.load (node:internal/modules/cjs/loader:1208:32)
    at Module._load (node:internal/modules/cjs/loader:1024:12)
    at Module.require (node:internal/modules/cjs/loader:1233:19)
    at require (node:internal/modules/helpers:179:18)
    at Object.<anonymous> (D:\projects\pos-app\api\src\index.js:24:26)
    at Module._compile (node:internal/modules/cjs/loader:1358:14)
    at Module._extensions..js (node:internal/modules/cjs/loader:1416:10) (method: undefined)
2024-08-18T23:24:59.407Z [pos-app] error: uncaughtException: checkPermission is not a function
TypeError: checkPermission is not a function
    at Object.<anonymous> (D:\projects\pos-app\api\src\routes\categoryRoutes.js:14:49)
    at Module._compile (node:internal/modules/cjs/loader:1358:14)
    at Module._extensions..js (node:internal/modules/cjs/loader:1416:10)
    at Module.load (node:internal/modules/cjs/loader:1208:32)
    at Module._load (node:internal/modules/cjs/loader:1024:12)
    at Module.require (node:internal/modules/cjs/loader:1233:19)
    at require (node:internal/modules/helpers:179:18)
    at Object.<anonymous> (D:\projects\pos-app\api\src\index.js:24:26)
    at Module._compile (node:internal/modules/cjs/loader:1358:14)
    at Module._extensions..js (node:internal/modules/cjs/loader:1416:10) (method: undefined)
2024-08-18T23:42:10.811Z [pos-app] error: uncaughtException: checkPermission is not a function
TypeError: checkPermission is not a function
    at Object.<anonymous> (D:\projects\pos-app\api\src\routes\categoryRoutes.js:14:49)
    at Module._compile (node:internal/modules/cjs/loader:1358:14)
    at Module._extensions..js (node:internal/modules/cjs/loader:1416:10)
    at Module.load (node:internal/modules/cjs/loader:1208:32)
    at Module._load (node:internal/modules/cjs/loader:1024:12)
    at Module.require (node:internal/modules/cjs/loader:1233:19)
    at require (node:internal/modules/helpers:179:18)
    at Object.<anonymous> (D:\projects\pos-app\api\src\index.js:24:26)
    at Module._compile (node:internal/modules/cjs/loader:1358:14)
    at Module._extensions..js (node:internal/modules/cjs/loader:1416:10) (method: undefined)
